2026-03-26 10:27:16,087 | INFO    | Firestore conectado | project_id=formbravo-8854e
2026-03-26 10:27:16,088 | INFO    | === INÍCIO DA SINCRONIZAÇÃO FIRESTORE → POSTGRESQL ===
2026-03-26 10:27:16,088 | INFO    | Etapa 1/7: Exportando empresas e departamentos...
2026-03-26 10:27:16,088 | INFO    | Exportando empresas e departamentos...
2026-03-26 10:27:16,778 | INFO    | Empresas coletadas: 3 | Departamentos: 19
2026-03-26 10:27:16,976 | INFO    | Inseridas 3 empresas e 19 departamentos
2026-03-26 10:27:16,977 | INFO    | Etapa 2/7: Exportando usuários...
2026-03-26 10:27:16,977 | INFO    | Exportando usuários...
2026-03-26 10:27:17,036 | INFO    | Total de usuários coletados: 2
2026-03-26 10:27:17,154 | INFO    | Tabela users limpa
2026-03-26 10:27:17,170 | INFO    | Inseridos 2 usuários na tabela users
2026-03-26 10:27:17,171 | INFO    | Etapa 3/7: Exportando colaboradores...
2026-03-26 10:27:17,171 | INFO    | Exportando colaboradores...
2026-03-26 10:27:17,336 | INFO    | Total de colaboradores coletados: 0
2026-03-26 10:27:17,336 | INFO    | Etapa 4/7: Exportando produtos e catálogos...
2026-03-26 10:27:17,336 | INFO    | Exportando produtos e catálogos...
2026-03-26 10:27:17,828 | INFO    | Catálogos coletados: 12 | Produtos: 0
2026-03-26 10:27:17,971 | INFO    | Inseridos 12 catálogos e 0 produtos
2026-03-26 10:27:17,972 | INFO    | Etapa 5/7: Exportando formulários...
2026-03-26 10:27:17,972 | INFO    | Exportando metadados dos formulários...
2026-03-26 10:27:18,235 | INFO    | Total de formulários coletados: 18
2026-03-26 10:27:18,347 | INFO    | Tabela forms limpa
2026-03-26 10:27:18,426 | INFO    | Inseridos 18 formulários na tabela forms
2026-03-26 10:27:18,426 | INFO    | Etapa 6/7: Exportando respostas...
2026-03-26 10:27:18,426 | INFO    | Sincronizando respostas dos últimos 30 dias (desde 2026-02-24T13:27:18.426736+00:00)
2026-03-26 10:27:18,689 | INFO    | Form 3UA4Np5gDxgwR7X8rRhC: 2 respostas coletadas
2026-03-26 10:27:19,544 | INFO    | Form 41yvJ4c580Yr4oWjPd5J: 294 respostas coletadas
2026-03-26 10:27:19,575 | INFO    | Form Al5l7YVJ5qdwPUajsUO7: 2 respostas coletadas
2026-03-26 10:27:19,643 | INFO    | Form EdyIAbIAM9HoW7UN9D3v: 23 respostas coletadas
2026-03-26 10:27:19,782 | INFO    | Form J182jCabwjE9ReVDVeNU: 35 respostas coletadas
2026-03-26 10:27:19,825 | INFO    | Form M0IGy69OkdNXoft3mlAC: 10 respostas coletadas
2026-03-26 10:27:20,420 | INFO    | Form dZaCzuAVEz5VP7k1LfLr: 452 respostas coletadas
2026-03-26 10:27:21,375 | INFO    | Form hpwFnAXxpfQUbSOqFpbN: 136 respostas coletadas
2026-03-26 10:27:21,800 | INFO    | Form jySaXiqjiteqxqmLqIiD: 45 respostas coletadas
2026-03-26 10:27:22,072 | INFO    | Form ppdd25B3IPotSu4arCoH: 34 respostas coletadas
2026-03-26 10:27:22,094 | INFO    | Form vLZkM9odYbw6EFaG84vI: 1 respostas coletadas
2026-03-26 10:27:22,114 | INFO    | Total: 1034 respostas, 7282 answers
2026-03-26 10:27:22,425 | INFO    | Deletados: 986 respostas, 7067 answers (modo incremental)
2026-03-26 10:27:22,848 | INFO    | Inseridas 1034 respostas
2026-03-26 10:27:24,786 | INFO    | Inseridas 7282 answers
2026-03-26 10:27:24,805 | INFO    | Sincronização concluída com sucesso!
2026-03-26 10:27:24,807 | INFO    | Etapa 7/7: Criando índices...
2026-03-26 10:27:24,968 | INFO    | Índices criados com sucesso
2026-03-26 10:27:24,969 | INFO    | === SINCRONIZAÇÃO CONCLUÍDA | tempo=8.88s ===
2026-03-26 10:29:39,645 | INFO    | Firestore conectado | project_id=formbravo-8854e
2026-03-26 10:29:39,646 | INFO    | === INÍCIO DA SINCRONIZAÇÃO FIRESTORE → POSTGRESQL ===
2026-03-26 10:29:39,646 | INFO    | Etapa 1/7: Exportando empresas e departamentos...
2026-03-26 10:29:39,646 | INFO    | Exportando empresas e departamentos...
2026-03-26 10:29:40,158 | INFO    | Empresas coletadas: 3 | Departamentos: 19
2026-03-26 10:29:40,330 | INFO    | Inseridas 3 empresas e 19 departamentos
2026-03-26 10:29:40,331 | INFO    | Etapa 2/7: Exportando usuários...
2026-03-26 10:29:40,331 | INFO    | Exportando usuários...
2026-03-26 10:29:40,356 | INFO    | Total de usuários coletados: 2
2026-03-26 10:29:40,477 | INFO    | Tabela users limpa
2026-03-26 10:29:40,493 | INFO    | Inseridos 2 usuários na tabela users
2026-03-26 10:29:40,493 | INFO    | Etapa 3/7: Exportando colaboradores...
2026-03-26 10:29:40,493 | INFO    | Exportando colaboradores...
2026-03-26 10:29:40,675 | INFO    | Total de colaboradores coletados: 38
2026-03-26 10:29:40,802 | INFO    | Tabela collaborators limpa
2026-03-26 10:29:40,825 | INFO    | Inseridos 38 colaboradores na tabela collaborators
2026-03-26 10:29:40,826 | INFO    | Etapa 4/7: Exportando produtos e catálogos...
2026-03-26 10:29:40,826 | INFO    | Exportando produtos e catálogos...
2026-03-26 10:29:41,024 | INFO    | Catálogos coletados: 12 | Produtos: 462
2026-03-26 10:29:41,332 | INFO    | Inseridos 12 catálogos e 462 produtos
2026-03-26 10:29:41,332 | INFO    | Etapa 5/7: Exportando formulários...
2026-03-26 10:29:41,332 | INFO    | Exportando metadados dos formulários...
2026-03-26 10:29:41,536 | INFO    | Total de formulários coletados: 18
2026-03-26 10:29:41,654 | INFO    | Tabela forms limpa
2026-03-26 10:29:41,709 | INFO    | Inseridos 18 formulários na tabela forms
2026-03-26 10:29:41,709 | INFO    | Etapa 6/7: Exportando respostas...
2026-03-26 10:29:41,710 | INFO    | Sincronizando respostas dos últimos 30 dias (desde 2026-02-24T13:29:41.710088+00:00)
2026-03-26 10:29:41,889 | INFO    | Form 3UA4Np5gDxgwR7X8rRhC: 2 respostas coletadas
2026-03-26 10:29:42,749 | INFO    | Form 41yvJ4c580Yr4oWjPd5J: 294 respostas coletadas
2026-03-26 10:29:42,784 | INFO    | Form Al5l7YVJ5qdwPUajsUO7: 2 respostas coletadas
2026-03-26 10:29:42,847 | INFO    | Form EdyIAbIAM9HoW7UN9D3v: 23 respostas coletadas
2026-03-26 10:29:42,992 | INFO    | Form J182jCabwjE9ReVDVeNU: 35 respostas coletadas
2026-03-26 10:29:43,035 | INFO    | Form M0IGy69OkdNXoft3mlAC: 10 respostas coletadas
2026-03-26 10:29:43,672 | INFO    | Form dZaCzuAVEz5VP7k1LfLr: 452 respostas coletadas
2026-03-26 10:29:44,576 | INFO    | Form hpwFnAXxpfQUbSOqFpbN: 136 respostas coletadas
2026-03-26 10:29:45,001 | INFO    | Form jySaXiqjiteqxqmLqIiD: 45 respostas coletadas
2026-03-26 10:29:45,279 | INFO    | Form ppdd25B3IPotSu4arCoH: 34 respostas coletadas
2026-03-26 10:29:45,303 | INFO    | Form vLZkM9odYbw6EFaG84vI: 1 respostas coletadas
2026-03-26 10:29:45,390 | INFO    | Total: 1034 respostas, 7282 answers
2026-03-26 10:29:45,548 | INFO    | Deletados: 1034 respostas, 7282 answers (modo incremental)
2026-03-26 10:29:45,887 | INFO    | Inseridas 1034 respostas
2026-03-26 10:29:47,724 | INFO    | Inseridas 7282 answers
2026-03-26 10:29:47,737 | INFO    | Sincronização concluída com sucesso!
2026-03-26 10:29:47,739 | INFO    | Etapa 7/7: Criando índices...
2026-03-26 10:29:47,868 | INFO    | Índices criados com sucesso
2026-03-26 10:29:47,869 | INFO    | === SINCRONIZAÇÃO CONCLUÍDA | tempo=8.22s ===
2026-03-26 10:46:44,915 | INFO    | Firestore conectado | project_id=formbravo-8854e
2026-03-26 10:46:44,915 | INFO    | === INÍCIO DA SINCRONIZAÇÃO FIRESTORE → POSTGRESQL ===
2026-03-26 10:46:44,916 | INFO    | Etapa 1/7: Exportando empresas e departamentos...
2026-03-26 10:46:44,916 | INFO    | Exportando empresas e departamentos...
2026-03-26 10:46:45,589 | INFO    | Empresas coletadas: 3 | Departamentos: 19
2026-03-26 10:46:45,789 | INFO    | Inseridas 3 empresas e 19 departamentos
2026-03-26 10:46:45,790 | INFO    | Etapa 2/7: Exportando usuários...
2026-03-26 10:46:45,790 | INFO    | Exportando usuários...
2026-03-26 10:46:45,835 | INFO    | Total de usuários coletados: 2
2026-03-26 10:46:45,965 | INFO    | Tabela users limpa
2026-03-26 10:46:45,981 | INFO    | Inseridos 2 usuários na tabela users
2026-03-26 10:46:45,982 | INFO    | Etapa 3/7: Exportando colaboradores...
2026-03-26 10:46:45,982 | INFO    | Exportando colaboradores...
2026-03-26 10:46:46,207 | INFO    | Total de colaboradores coletados: 38
2026-03-26 10:46:46,357 | INFO    | Tabela collaborators limpa
2026-03-26 10:46:46,395 | INFO    | Inseridos 38 colaboradores na tabela collaborators
2026-03-26 10:46:46,396 | INFO    | Etapa 4/7: Exportando produtos e catálogos...
2026-03-26 10:46:46,396 | INFO    | Exportando produtos e catálogos...
2026-03-26 10:46:46,612 | INFO    | Catálogos coletados: 12 | Produtos: 462
2026-03-26 10:46:46,910 | INFO    | Inseridos 12 catálogos e 462 produtos
2026-03-26 10:46:46,911 | INFO    | Etapa 5/7: Exportando formulários...
2026-03-26 10:46:46,911 | INFO    | Exportando metadados dos formulários...
2026-03-26 10:46:47,141 | INFO    | Total de formulários coletados: 18
2026-03-26 10:46:47,258 | INFO    | Tabela forms limpa
2026-03-26 10:46:47,305 | INFO    | Inseridos 18 formulários na tabela forms
2026-03-26 10:46:47,305 | INFO    | Etapa 6/7: Exportando respostas...
2026-03-26 10:46:47,306 | INFO    | Sincronizando respostas dos últimos 30 dias (desde 2026-02-24T13:46:47.306109+00:00)
2026-03-26 10:46:47,516 | INFO    | Form 3UA4Np5gDxgwR7X8rRhC: 2 respostas coletadas
2026-03-26 10:46:48,368 | INFO    | Form 41yvJ4c580Yr4oWjPd5J: 294 respostas coletadas
2026-03-26 10:46:48,416 | INFO    | Form Al5l7YVJ5qdwPUajsUO7: 2 respostas coletadas
2026-03-26 10:46:48,484 | INFO    | Form EdyIAbIAM9HoW7UN9D3v: 23 respostas coletadas
2026-03-26 10:46:48,681 | INFO    | Form J182jCabwjE9ReVDVeNU: 35 respostas coletadas
2026-03-26 10:46:48,718 | INFO    | Form M0IGy69OkdNXoft3mlAC: 10 respostas coletadas
2026-03-26 10:46:49,286 | INFO    | Form dZaCzuAVEz5VP7k1LfLr: 452 respostas coletadas
2026-03-26 10:46:50,217 | INFO    | Form hpwFnAXxpfQUbSOqFpbN: 136 respostas coletadas
2026-03-26 10:46:50,619 | INFO    | Form jySaXiqjiteqxqmLqIiD: 45 respostas coletadas
2026-03-26 10:46:50,884 | INFO    | Form ppdd25B3IPotSu4arCoH: 34 respostas coletadas
2026-03-26 10:46:50,908 | INFO    | Form vLZkM9odYbw6EFaG84vI: 1 respostas coletadas
2026-03-26 10:46:50,930 | INFO    | Total: 1034 respostas, 7282 answers
2026-03-26 10:46:51,090 | INFO    | Deletados: 1032 respostas, 7276 answers (modo incremental)
2026-03-26 10:46:51,442 | INFO    | Inseridas 1034 respostas
2026-03-26 10:46:53,263 | INFO    | Inseridas 7282 answers
2026-03-26 10:46:53,274 | INFO    | Sincronização concluída com sucesso!
2026-03-26 10:46:53,276 | INFO    | Etapa 7/7: Criando índices...
2026-03-26 10:46:53,427 | INFO    | Índices criados com sucesso
2026-03-26 10:46:53,428 | INFO    | === SINCRONIZAÇÃO CONCLUÍDA | tempo=8.51s ===
2026-03-27 14:34:57,613 | INFO    | Firestore conectado | project_id=formbravo-8854e
2026-03-27 14:34:57,613 | INFO    | === INÍCIO DA SINCRONIZAÇÃO FIRESTORE → POSTGRESQL ===
2026-03-27 14:34:57,614 | INFO    | Etapa 1/7: Exportando empresas e departamentos...
2026-03-27 14:34:57,614 | INFO    | Exportando empresas e departamentos...
2026-03-27 14:34:58,211 | INFO    | Empresas coletadas: 3 | Departamentos: 19
2026-03-27 14:34:58,413 | INFO    | Inseridas 3 empresas e 19 departamentos
2026-03-27 14:34:58,414 | INFO    | Etapa 2/7: Exportando usuários...
2026-03-27 14:34:58,414 | INFO    | Exportando usuários...
2026-03-27 14:34:58,457 | INFO    | Total de usuários coletados: 2
2026-03-27 14:34:58,559 | INFO    | Tabela users limpa
2026-03-27 14:34:58,575 | INFO    | Inseridos 2 usuários na tabela users
2026-03-27 14:34:58,575 | INFO    | Etapa 3/7: Exportando colaboradores...
2026-03-27 14:34:58,575 | INFO    | Exportando colaboradores...
2026-03-27 14:34:58,780 | INFO    | Total de colaboradores coletados: 38
2026-03-27 14:34:58,924 | INFO    | Tabela collaborators limpa
2026-03-27 14:34:58,964 | INFO    | Inseridos 38 colaboradores na tabela collaborators
2026-03-27 14:34:58,964 | INFO    | Etapa 4/7: Exportando produtos e catálogos...
2026-03-27 14:34:58,965 | INFO    | Exportando produtos e catálogos...
2026-03-27 14:34:59,145 | INFO    | Catálogos coletados: 12 | Produtos: 462
2026-03-27 14:34:59,533 | INFO    | Inseridos 12 catálogos e 462 produtos
2026-03-27 14:34:59,533 | INFO    | Etapa 5/7: Exportando formulários...
2026-03-27 14:34:59,534 | INFO    | Exportando metadados dos formulários...
2026-03-27 14:34:59,745 | INFO    | Total de formulários coletados: 18
2026-03-27 14:34:59,870 | INFO    | Tabela forms limpa
2026-03-27 14:34:59,946 | INFO    | Inseridos 18 formulários na tabela forms
2026-03-27 14:34:59,946 | INFO    | Etapa 6/7: Exportando respostas...
2026-03-27 14:34:59,946 | INFO    | Sincronizando respostas dos últimos 30 dias (desde 2026-02-25T17:34:59.946971+00:00)
2026-03-27 14:35:00,158 | INFO    | Form 'Novilhão e Parisienne - Estoque PA e PORCO' (3UA4Np5gDxgwR7X8rRhC): 2 respostas coletadas
2026-03-27 14:35:01,947 | INFO    | Form 'Novilhão e Parisienne - Carnes' (41yvJ4c580Yr4oWjPd5J): 276 respostas coletadas
2026-03-27 14:35:01,988 | INFO    | Form 'Lojas - Pedidos Mercado' (Al5l7YVJ5qdwPUajsUO7): 2 respostas coletadas
2026-03-27 14:35:02,056 | INFO    | Form 'Novilhão - Produtos de Limpeza' (EdyIAbIAM9HoW7UN9D3v): 23 respostas coletadas
2026-03-27 14:35:02,314 | INFO    | Form 'Novilhão e Parisienne - Embalagens' (J182jCabwjE9ReVDVeNU): 35 respostas coletadas
2026-03-27 14:35:02,349 | INFO    | Form 'Parisienne - Produtos de Limpeza' (M0IGy69OkdNXoft3mlAC): 10 respostas coletadas
2026-03-27 14:35:02,949 | INFO    | Form 'Novilhão e Parisienne - Frango' (dZaCzuAVEz5VP7k1LfLr): 485 respostas coletadas
2026-03-27 14:35:03,856 | INFO    | Form 'Novilhão e Parisienne - Compra Semanal' (hpwFnAXxpfQUbSOqFpbN): 136 respostas coletadas
2026-03-27 14:35:04,228 | INFO    | Form 'Novilhão e Parisienne - Hortifruti' (jySaXiqjiteqxqmLqIiD): 40 respostas coletadas
2026-03-27 14:35:04,485 | INFO    | Form 'Balanço Mensal ' (ppdd25B3IPotSu4arCoH): 34 respostas coletadas
2026-03-27 14:35:04,517 | INFO    | Form 'Controle de Recebimento - Lojas e TI' (vLZkM9odYbw6EFaG84vI): 7 respostas coletadas
2026-03-27 14:35:04,538 | INFO    | Total coletado: 1050 respostas | 7244 answers
2026-03-27 14:35:04,657 | ERROR   | ❌ Erro na sincronização: relation "attachment" does not exist
Traceback (most recent call last):
  File "C:\Users\OptiPlex 7080\Desktop\BRAVOFORM\scripts\sync-firestore-to-postgresql.py", line 789, in sync_to_postgresql
    cur.execute("ALTER TABLE attachment ADD COLUMN IF NOT EXISTS form_id VARCHAR(255)")
    ~~~~~~~~~~~^^^^^^^^^^^^^^^^^^^^^^^^^^^^^^^^^^^^^^^^^^^^^^^^^^^^^^^^^^^^^^^^^^^^^^^^
psycopg2.errors.UndefinedTable: relation "attachment" does not exist

2026-03-27 14:35:04,658 | ERROR   | Falha na execução: relation "attachment" does not exist
Traceback (most recent call last):
  File "C:\Users\OptiPlex 7080\Desktop\BRAVOFORM\scripts\sync-firestore-to-postgresql.py", line 940, in main
    export_and_sync_responses()
    ~~~~~~~~~~~~~~~~~~~~~~~~~^^
  File "C:\Users\OptiPlex 7080\Desktop\BRAVOFORM\scripts\sync-firestore-to-postgresql.py", line 775, in export_and_sync_responses
    sync_to_postgresql(responses_data, answers_data, cutoff_date)
    ~~~~~~~~~~~~~~~~~~^^^^^^^^^^^^^^^^^^^^^^^^^^^^^^^^^^^^^^^^^^^
  File "C:\Users\OptiPlex 7080\Desktop\BRAVOFORM\scripts\sync-firestore-to-postgresql.py", line 789, in sync_to_postgresql
    cur.execute("ALTER TABLE attachment ADD COLUMN IF NOT EXISTS form_id VARCHAR(255)")
    ~~~~~~~~~~~^^^^^^^^^^^^^^^^^^^^^^^^^^^^^^^^^^^^^^^^^^^^^^^^^^^^^^^^^^^^^^^^^^^^^^^^
psycopg2.errors.UndefinedTable: relation "attachment" does not exist

2026-03-27 14:37:10,953 | INFO    | Firestore conectado | project_id=formbravo-8854e
2026-03-27 14:37:10,953 | INFO    | === INÍCIO DA SINCRONIZAÇÃO FIRESTORE → POSTGRESQL ===
2026-03-27 14:37:10,954 | INFO    | Etapa 1/7: Exportando empresas e departamentos...
2026-03-27 14:37:10,954 | INFO    | Exportando empresas e departamentos...
2026-03-27 14:37:11,461 | INFO    | Empresas coletadas: 3 | Departamentos: 19
2026-03-27 14:37:11,616 | INFO    | Inseridas 3 empresas e 19 departamentos
2026-03-27 14:37:11,616 | INFO    | Etapa 2/7: Exportando usuários...
2026-03-27 14:37:11,616 | INFO    | Exportando usuários...
2026-03-27 14:37:11,644 | INFO    | Total de usuários coletados: 2
2026-03-27 14:37:11,756 | INFO    | Tabela users limpa
2026-03-27 14:37:11,769 | INFO    | Inseridos 2 usuários na tabela users
2026-03-27 14:37:11,770 | INFO    | Etapa 3/7: Exportando colaboradores...
2026-03-27 14:37:11,770 | INFO    | Exportando colaboradores...
2026-03-27 14:37:11,936 | INFO    | Total de colaboradores coletados: 38
2026-03-27 14:37:12,073 | INFO    | Tabela collaborators limpa
2026-03-27 14:37:12,106 | INFO    | Inseridos 38 colaboradores na tabela collaborators
2026-03-27 14:37:12,106 | INFO    | Etapa 4/7: Exportando produtos e catálogos...
2026-03-27 14:37:12,106 | INFO    | Exportando produtos e catálogos...
2026-03-27 14:37:12,289 | INFO    | Catálogos coletados: 12 | Produtos: 462
2026-03-27 14:37:12,599 | INFO    | Inseridos 12 catálogos e 462 produtos
2026-03-27 14:37:12,599 | INFO    | Etapa 5/7: Exportando formulários...
2026-03-27 14:37:12,599 | INFO    | Exportando metadados dos formulários...
2026-03-27 14:37:12,844 | INFO    | Total de formulários coletados: 18
2026-03-27 14:37:12,965 | INFO    | Tabela forms limpa
2026-03-27 14:37:13,021 | INFO    | Inseridos 18 formulários na tabela forms
2026-03-27 14:37:13,021 | INFO    | Etapa 6/7: Exportando respostas...
2026-03-27 14:37:13,022 | INFO    | Sincronizando respostas dos últimos 30 dias (desde 2026-02-25T17:37:13.022025+00:00)
2026-03-27 14:37:13,219 | INFO    | Form 'Novilhão e Parisienne - Estoque PA e PORCO' (3UA4Np5gDxgwR7X8rRhC): 2 respostas coletadas
2026-03-27 14:37:14,059 | INFO    | Form 'Novilhão e Parisienne - Carnes' (41yvJ4c580Yr4oWjPd5J): 276 respostas coletadas
2026-03-27 14:37:14,103 | INFO    | Form 'Lojas - Pedidos Mercado' (Al5l7YVJ5qdwPUajsUO7): 2 respostas coletadas
2026-03-27 14:37:14,163 | INFO    | Form 'Novilhão - Produtos de Limpeza' (EdyIAbIAM9HoW7UN9D3v): 23 respostas coletadas
2026-03-27 14:37:14,335 | INFO    | Form 'Novilhão e Parisienne - Embalagens' (J182jCabwjE9ReVDVeNU): 35 respostas coletadas
2026-03-27 14:37:14,372 | INFO    | Form 'Parisienne - Produtos de Limpeza' (M0IGy69OkdNXoft3mlAC): 10 respostas coletadas
2026-03-27 14:37:14,962 | INFO    | Form 'Novilhão e Parisienne - Frango' (dZaCzuAVEz5VP7k1LfLr): 485 respostas coletadas
2026-03-27 14:37:15,843 | INFO    | Form 'Novilhão e Parisienne - Compra Semanal' (hpwFnAXxpfQUbSOqFpbN): 136 respostas coletadas
2026-03-27 14:37:16,229 | INFO    | Form 'Novilhão e Parisienne - Hortifruti' (jySaXiqjiteqxqmLqIiD): 40 respostas coletadas
2026-03-27 14:37:16,510 | INFO    | Form 'Balanço Mensal ' (ppdd25B3IPotSu4arCoH): 34 respostas coletadas
2026-03-27 14:37:16,534 | INFO    | Form 'Controle de Recebimento - Lojas e TI' (vLZkM9odYbw6EFaG84vI): 7 respostas coletadas
2026-03-27 14:37:16,558 | INFO    | Total coletado: 1050 respostas | 7244 answers
2026-03-27 14:37:16,806 | WARNING | Tabela 'attachment' não encontrada, pulando ALTER: relation "attachment" does not exist

2026-03-27 14:37:16,827 | WARNING | Tabela 'workflow_history' não encontrada, pulando ALTER: relation "workflow_history" does not exist

2026-03-27 14:37:16,846 | WARNING | Tabela 'table_item' não encontrada, pulando ALTER: relation "table_item" does not exist

2026-03-27 14:37:17,053 | INFO    | Incremental: removidos 1011 respostas e 7130 answers
2026-03-27 14:37:17,502 | INFO    | Inseridas/atualizadas 1050 respostas
2026-03-27 14:37:19,392 | INFO    | Inseridas 7244 answers (com form_id)
2026-03-27 14:37:19,419 | INFO    | Backfill: 388 answers sem form_id atualizados
2026-03-27 14:37:19,441 | INFO    | ✅ Sincronização concluída com sucesso!
2026-03-27 14:37:19,443 | INFO    | Etapa 7/7: Criando índices...
2026-03-27 14:37:19,587 | INFO    | Índices criados com sucesso
2026-03-27 14:37:19,588 | INFO    | === SINCRONIZAÇÃO CONCLUÍDA | tempo=8.63s ===
2026-03-30 10:30:10,134 | INFO    | Firestore conectado | project_id=formbravo-8854e
2026-03-30 10:30:10,135 | INFO    | === INÍCIO DA SINCRONIZAÇÃO FIRESTORE → POSTGRESQL (v2.0 Star Schema) ===
2026-03-30 10:30:10,135 | INFO    | Etapa 1/6: Empresas e departamentos...
2026-03-30 10:30:10,136 | INFO    | Exportando empresas e departamentos...
2026-03-30 10:30:10,760 | INFO    | Coletados: 3 empresas, 19 departamentos
2026-03-30 10:30:11,091 | INFO    | Sincronizados: 3 empresas, 19 departamentos
2026-03-30 10:30:11,092 | INFO    | Etapa 2/6: Usuários...
2026-03-30 10:30:11,092 | INFO    | Exportando usuários...
2026-03-30 10:30:11,134 | INFO    | Usuários coletados: 2
2026-03-30 10:30:11,244 | INFO    | Sincronizados 2 usuários
2026-03-30 10:30:11,245 | INFO    | Etapa 3/6: Colaboradores...
2026-03-30 10:30:11,245 | INFO    | Exportando colaboradores...
2026-03-30 10:30:11,482 | INFO    | Colaboradores coletados: 38
2026-03-30 10:30:11,907 | INFO    | Sincronizados 38 colaboradores
2026-03-30 10:30:11,907 | INFO    | Etapa 4/6: Catálogos e produtos...
2026-03-30 10:30:11,908 | INFO    | Exportando catálogos e produtos...
2026-03-30 10:30:11,948 | INFO    | Coletados: 0 catálogos, 0 produtos
2026-03-30 10:30:12,020 | INFO    | Sincronizados 0 catálogos, 0 produtos
2026-03-30 10:30:12,020 | INFO    | Etapa 5/6: Formulários...
2026-03-30 10:30:12,020 | INFO    | Exportando formulários...
2026-03-30 10:30:12,248 | INFO    | Formulários coletados: 18
2026-03-30 10:30:12,545 | INFO    | Sincronizados 18 formulários
2026-03-30 10:30:12,545 | INFO    | Etapa 6/6: Respostas (fact_*)...
2026-03-30 10:30:12,545 | INFO    | Exportando respostas de formulários...
2026-03-30 10:30:12,545 | INFO    | Modo SYNC_ALL: todas as respostas
2026-03-30 10:30:26,443 | INFO    | Coletados: 2542 respostas | 18767 simples | 111 itens pedido | 20 checkboxes | 15609 tabelas
2026-03-30 10:30:26,544 | INFO    | SYNC_ALL: limpando tabelas fato antes de reinserir...
2026-03-30 10:30:26,617 | INFO    | Inserindo 2542 respostas em fact_form_response...
2026-03-30 10:31:00,354 | INFO    | Inserindo 18767 campos simples em fact_answers...
2026-03-30 10:34:49,654 | INFO    | Inserindo 111 itens em fact_order_items...
2026-03-30 10:34:51,214 | INFO    | Inserindo 20 opções em fact_checkbox_answers...
2026-03-30 10:34:51,418 | INFO    | Inserindo 15609 tabelas em fact_table_answers...
2026-03-30 10:37:33,386 | INFO    | ✅ Respostas sincronizadas com sucesso
2026-03-30 10:37:33,399 | INFO    | === SINCRONIZAÇÃO CONCLUÍDA | tempo=443.26s ===
2026-03-30 10:46:23,712 | INFO    | Firestore conectado | project_id=formbravo-8854e
2026-03-30 10:46:23,712 | INFO    | Exportando catálogos e produtos...
2026-03-30 10:46:24,205 | INFO    | Coletados: 12 catálogos, 462 produtos
2026-03-30 10:46:28,968 | INFO    | Sincronizados 12 catálogos, 462 produtos
2026-03-30 10:46:28,968 | INFO    | Exportando workflows...
2026-03-30 10:46:28,997 | INFO    | Workflow stages coletados: 4
2026-03-30 10:46:29,129 | INFO    | Sincronizados 4 workflow stages
2026-03-30 11:02:44,906 | INFO    | Firestore conectado | project_id=formbravo-8854e
2026-03-30 11:02:44,907 | INFO    | === INÍCIO DA SINCRONIZAÇÃO FIRESTORE → POSTGRESQL (v2.0 Star Schema) ===
2026-03-30 11:02:44,907 | INFO    | Etapa 1/7: Empresas e departamentos...
2026-03-30 11:02:44,908 | INFO    | Exportando empresas e departamentos...
2026-03-30 11:02:45,450 | INFO    | Coletados: 3 empresas, 19 departamentos
2026-03-30 11:02:45,818 | INFO    | Sincronizados: 3 empresas, 19 departamentos
2026-03-30 11:02:45,818 | INFO    | Etapa 2/7: Usuários...
2026-03-30 11:02:45,819 | INFO    | Exportando usuários...
2026-03-30 11:02:45,853 | INFO    | Usuários coletados: 2
2026-03-30 11:02:45,948 | INFO    | Sincronizados 2 usuários
2026-03-30 11:02:45,949 | INFO    | Etapa 3/7: Colaboradores...
2026-03-30 11:02:45,949 | INFO    | Exportando colaboradores...
2026-03-30 11:02:46,105 | INFO    | Colaboradores coletados: 38
2026-03-30 11:02:46,527 | INFO    | Sincronizados 38 colaboradores
2026-03-30 11:02:46,528 | INFO    | Etapa 4/7: Catálogos e produtos...
2026-03-30 11:02:46,528 | INFO    | Exportando catálogos e produtos...
2026-03-30 11:02:46,690 | INFO    | Coletados: 12 catálogos, 462 produtos
2026-03-30 11:02:50,702 | INFO    | Sincronizados 12 catálogos, 462 produtos
2026-03-30 11:02:50,703 | INFO    | Etapa 5/7: Formulários...
2026-03-30 11:02:50,703 | INFO    | Exportando formulários...
2026-03-30 11:02:50,925 | INFO    | Formulários coletados: 18
2026-03-30 11:02:51,215 | INFO    | Sincronizados 18 formulários
2026-03-30 11:02:51,215 | INFO    | Etapa 6/7: Workflows...
2026-03-30 11:02:51,215 | INFO    | Exportando workflows...
2026-03-30 11:02:51,238 | INFO    | Workflow stages coletados: 4
2026-03-30 11:02:51,361 | INFO    | Sincronizados 4 workflow stages
2026-03-30 11:02:51,362 | INFO    | Etapa 7/7: Respostas (fact_*)...
2026-03-30 11:02:51,362 | INFO    | Exportando respostas de formulários...
2026-03-30 11:02:51,362 | INFO    | Modo SYNC_ALL: todas as respostas
2026-03-30 11:02:51,481 | INFO    | Field label cache: 18 formulários
2026-03-30 11:02:58,529 | INFO    | Coletados: 2546 respostas | 3089 simples | 111 itens pedido | 20 checkboxes | 15685 tabelas | 26 anexos
2026-03-30 11:02:58,618 | INFO    | SYNC_ALL: limpando tabelas fato antes de reinserir...
2026-03-30 11:02:59,229 | INFO    | Inserindo 2546 respostas em fact_form_response...
2026-03-30 11:03:23,121 | INFO    | Inserindo 3089 campos simples em fact_answers...
2026-03-30 11:04:01,544 | INFO    | Inserindo 111 itens em fact_order_items...
2026-03-30 11:04:03,033 | INFO    | Inserindo 20 opções em fact_checkbox_answers...
2026-03-30 11:04:03,221 | INFO    | Inserindo 15685 tabelas em fact_table_answers...
2026-03-30 11:06:25,364 | INFO    | Inserindo 26 anexos em fact_attachments...
2026-03-30 11:06:25,391 | ERROR   | Erro ao sincronizar respostas: null value in column "file_url" of relation "fact_attachments" violates not-null constraint
DETAIL:  Failing row contains (1, 3270, 5, 1752170739647, Assinatura do Responsável, Assinatura, null, assinatura_1752170739647, image/png, null, 2026-03-30 14:06:21.370563).
Traceback (most recent call last):
  File "C:\Users\OptiPlex 7080\Desktop\BRAVOFORM\scripts\sync-firestore-to-postgresql.py", line 846, in sync_responses
    cur.execute("""
    ~~~~~~~~~~~^^^^
        INSERT INTO fact_attachments (
        ^^^^^^^^^^^^^^^^^^^^^^^^^^^^^^
    ...<3 lines>...
    """, (resp_key, form_key, at['field_id'], at['label'], at['field_type'],
    ^^^^^^^^^^^^^^^^^^^^^^^^^^^^^^^^^^^^^^^^^^^^^^^^^^^^^^^^^^^^^^^^^^^^^^^^
          at['file_url'], at.get('file_name'), at.get('file_type')))
          ^^^^^^^^^^^^^^^^^^^^^^^^^^^^^^^^^^^^^^^^^^^^^^^^^^^^^^^^^^
psycopg2.errors.NotNullViolation: null value in column "file_url" of relation "fact_attachments" violates not-null constraint
DETAIL:  Failing row contains (1, 3270, 5, 1752170739647, Assinatura do Responsável, Assinatura, null, assinatura_1752170739647, image/png, null, 2026-03-30 14:06:21.370563).

2026-03-30 11:06:25,393 | ERROR   | Falha na execução: null value in column "file_url" of relation "fact_attachments" violates not-null constraint
DETAIL:  Failing row contains (1, 3270, 5, 1752170739647, Assinatura do Responsável, Assinatura, null, assinatura_1752170739647, image/png, null, 2026-03-30 14:06:21.370563).
Traceback (most recent call last):
  File "C:\Users\OptiPlex 7080\Desktop\BRAVOFORM\scripts\sync-firestore-to-postgresql.py", line 949, in main
    sync_responses()
    ~~~~~~~~~~~~~~^^
  File "C:\Users\OptiPlex 7080\Desktop\BRAVOFORM\scripts\sync-firestore-to-postgresql.py", line 846, in sync_responses
    cur.execute("""
    ~~~~~~~~~~~^^^^
        INSERT INTO fact_attachments (
        ^^^^^^^^^^^^^^^^^^^^^^^^^^^^^^
    ...<3 lines>...
    """, (resp_key, form_key, at['field_id'], at['label'], at['field_type'],
    ^^^^^^^^^^^^^^^^^^^^^^^^^^^^^^^^^^^^^^^^^^^^^^^^^^^^^^^^^^^^^^^^^^^^^^^^
          at['file_url'], at.get('file_name'), at.get('file_type')))
          ^^^^^^^^^^^^^^^^^^^^^^^^^^^^^^^^^^^^^^^^^^^^^^^^^^^^^^^^^^
psycopg2.errors.NotNullViolation: null value in column "file_url" of relation "fact_attachments" violates not-null constraint
DETAIL:  Failing row contains (1, 3270, 5, 1752170739647, Assinatura do Responsável, Assinatura, null, assinatura_1752170739647, image/png, null, 2026-03-30 14:06:21.370563).

2026-03-30 11:06:49,978 | INFO    | Firestore conectado | project_id=formbravo-8854e
2026-03-30 11:06:49,978 | INFO    | === INÍCIO DA SINCRONIZAÇÃO FIRESTORE → POSTGRESQL (v2.0 Star Schema) ===
2026-03-30 11:06:49,978 | INFO    | Etapa 1/7: Empresas e departamentos...
2026-03-30 11:06:49,978 | INFO    | Exportando empresas e departamentos...
2026-03-30 11:06:50,483 | INFO    | Coletados: 3 empresas, 19 departamentos
2026-03-30 11:06:50,855 | INFO    | Sincronizados: 3 empresas, 19 departamentos
2026-03-30 11:06:50,855 | INFO    | Etapa 2/7: Usuários...
2026-03-30 11:06:50,855 | INFO    | Exportando usuários...
2026-03-30 11:06:50,887 | INFO    | Usuários coletados: 2
2026-03-30 11:06:50,997 | INFO    | Sincronizados 2 usuários
2026-03-30 11:06:50,998 | INFO    | Etapa 3/7: Colaboradores...
2026-03-30 11:06:50,998 | INFO    | Exportando colaboradores...
2026-03-30 11:06:51,159 | INFO    | Colaboradores coletados: 38
2026-03-30 11:06:51,561 | INFO    | Sincronizados 38 colaboradores
2026-03-30 11:06:51,561 | INFO    | Etapa 4/7: Catálogos e produtos...
2026-03-30 11:06:51,561 | INFO    | Exportando catálogos e produtos...
2026-03-30 11:06:51,730 | INFO    | Coletados: 12 catálogos, 462 produtos
2026-03-30 11:06:55,913 | INFO    | Sincronizados 12 catálogos, 462 produtos
2026-03-30 11:06:55,914 | INFO    | Etapa 5/7: Formulários...
2026-03-30 11:06:55,914 | INFO    | Exportando formulários...
2026-03-30 11:06:56,140 | INFO    | Formulários coletados: 18
2026-03-30 11:06:56,458 | INFO    | Sincronizados 18 formulários
2026-03-30 11:06:56,458 | INFO    | Etapa 6/7: Workflows...
2026-03-30 11:06:56,458 | INFO    | Exportando workflows...
2026-03-30 11:06:56,486 | INFO    | Workflow stages coletados: 4
2026-03-30 11:06:56,622 | INFO    | Sincronizados 4 workflow stages
2026-03-30 11:06:56,622 | INFO    | Etapa 7/7: Respostas (fact_*)...
2026-03-30 11:06:56,622 | INFO    | Exportando respostas de formulários...
2026-03-30 11:06:56,623 | INFO    | Modo SYNC_ALL: todas as respostas
2026-03-30 11:06:56,741 | INFO    | Field label cache: 18 formulários
2026-03-30 11:07:04,114 | INFO    | Coletados: 2546 respostas | 3089 simples | 111 itens pedido | 20 checkboxes | 15685 tabelas | 26 anexos
2026-03-30 11:07:04,198 | INFO    | SYNC_ALL: limpando tabelas fato antes de reinserir...
2026-03-30 11:07:04,496 | INFO    | Inserindo 2546 respostas em fact_form_response...
2026-03-30 11:07:26,679 | INFO    | Inserindo 3089 campos simples em fact_answers...
2026-03-30 11:08:02,911 | INFO    | Inserindo 111 itens em fact_order_items...
2026-03-30 11:08:04,135 | INFO    | Inserindo 20 opções em fact_checkbox_answers...
2026-03-30 11:08:04,324 | INFO    | Inserindo 15685 tabelas em fact_table_answers...
2026-03-30 11:10:17,686 | INFO    | Inserindo 26 anexos em fact_attachments...
2026-03-30 11:10:17,902 | INFO    | ✅ Respostas sincronizadas com sucesso
2026-03-30 11:10:17,912 | INFO    | === SINCRONIZAÇÃO CONCLUÍDA | tempo=207.93s ===
2026-03-30 11:19:37,946 | INFO    | Firestore conectado | project_id=formbravo-8854e
2026-03-30 11:19:37,946 | INFO    | === INÍCIO DA SINCRONIZAÇÃO FIRESTORE → POSTGRESQL (v2.0 Star Schema) ===
2026-03-30 11:19:37,946 | INFO    | Etapa 1/7: Empresas e departamentos...
2026-03-30 11:19:37,946 | INFO    | Exportando empresas e departamentos...
2026-03-30 11:19:38,630 | INFO    | Coletados: 3 empresas, 19 departamentos
2026-03-30 11:19:38,967 | INFO    | Sincronizados: 3 empresas, 19 departamentos
2026-03-30 11:19:38,967 | INFO    | Etapa 2/7: Usuários...
2026-03-30 11:19:38,968 | INFO    | Exportando usuários...
2026-03-30 11:19:39,015 | INFO    | Usuários coletados: 2
2026-03-30 11:19:39,152 | INFO    | Sincronizados 2 usuários
2026-03-30 11:19:39,154 | INFO    | Etapa 3/7: Colaboradores...
2026-03-30 11:19:39,155 | INFO    | Exportando colaboradores...
2026-03-30 11:19:39,365 | INFO    | Colaboradores coletados: 38
2026-03-30 11:19:39,862 | INFO    | Sincronizados 38 colaboradores
2026-03-30 11:19:39,863 | INFO    | Etapa 4/7: Catálogos e produtos...
2026-03-30 11:19:39,863 | INFO    | Exportando catálogos e produtos...
2026-03-30 11:19:40,036 | INFO    | Coletados: 12 catálogos, 462 produtos
2026-03-30 11:19:45,599 | INFO    | Sincronizados 12 catálogos, 462 produtos
2026-03-30 11:19:45,599 | INFO    | Etapa 5/7: Formulários...
2026-03-30 11:19:45,599 | INFO    | Exportando formulários...
2026-03-30 11:19:45,830 | INFO    | Formulários coletados: 18
2026-03-30 11:19:46,122 | INFO    | Sincronizados 18 formulários
2026-03-30 11:19:46,123 | INFO    | Etapa 6/7: Workflows...
2026-03-30 11:19:46,123 | INFO    | Exportando workflows...
2026-03-30 11:19:46,155 | INFO    | Workflow stages coletados: 4
2026-03-30 11:19:46,296 | INFO    | Sincronizados 4 workflow stages
2026-03-30 11:19:46,296 | INFO    | Etapa 7/7: Respostas (fact_*)...
2026-03-30 11:19:46,296 | INFO    | Exportando respostas de formulários...
2026-03-30 11:19:46,296 | INFO    | Modo SYNC_ALL: todas as respostas
2026-03-30 11:19:46,419 | INFO    | Field label cache: 18 formulários
2026-03-30 11:19:55,897 | INFO    | Coletados: 2547 respostas | 409 simples | 111 itens pedido | 20 checkboxes | 15704 tabelas | 26 anexos
2026-03-30 11:19:55,987 | INFO    | SYNC_ALL: limpando tabelas fato antes de reinserir...
2026-03-30 11:19:56,456 | INFO    | Inserindo 2547 respostas em fact_form_response...
2026-03-30 11:20:17,139 | INFO    | Inserindo 409 campos simples em fact_answers...
2026-03-30 11:20:23,000 | INFO    | Inserindo 111 itens em fact_order_items...
2026-03-30 11:20:24,245 | INFO    | Inserindo 20 opções em fact_checkbox_answers...
2026-03-30 11:20:24,400 | INFO    | Inserindo 15704 tabelas em fact_table_answers...
2026-03-30 11:22:39,524 | INFO    | Inserindo 26 anexos em fact_attachments...
2026-03-30 11:22:39,739 | INFO    | ✅ Respostas sincronizadas com sucesso
2026-03-30 11:22:39,746 | INFO    | === SINCRONIZAÇÃO CONCLUÍDA | tempo=181.80s ===
