[debug] [2026-03-27T14:20:02.488Z] [Firebase Plugin] Activating Firebase extension.
[debug] [2026-03-27T14:20:04.612Z] [Firebase Plugin] requireAuthWrapper
[debug] [2026-03-27T14:20:04.621Z] > command requires scopes: ["email","openid","https://www.googleapis.com/auth/cloudplatformprojects.readonly","https://www.googleapis.com/auth/firebase","https://www.googleapis.com/auth/cloud-platform"]
[debug] [2026-03-27T14:20:04.621Z] > authorizing via signed-in user (gabriel.henrique@bravo-ti.com)
[debug] [2026-03-27T14:20:04.624Z] Checked if tokens are valid: false, expires at: 1774462642298
[debug] [2026-03-27T14:20:04.624Z] Checked if tokens are valid: false, expires at: 1774462642298
[debug] [2026-03-27T14:20:04.624Z] > refreshing access token with scopes: []
[debug] [2026-03-27T14:20:04.625Z] >>> [apiv2][query] POST https://www.googleapis.com/oauth2/v3/token [none]
[debug] [2026-03-27T14:20:04.626Z] >>> [apiv2][body] POST https://www.googleapis.com/oauth2/v3/token [omitted]
[debug] [2026-03-27T14:20:04.634Z] [Firebase Plugin] VSCode notification server listening on port 40001
[info] [Firebase Plugin] Starting Data Connect toolkit (version 3.2.1) on port 50001
[info] i  dataconnect: downloading dataconnect-emulator-3.2.1.exe... {"metadata":{"emulator":{"name":"dataconnect"},"message":"downloading dataconnect-emulator-3.2.1.exe..."}}
[debug] [2026-03-27T14:20:04.892Z] >>> [apiv2][query] GET https://storage.googleapis.com/firemat-preview-drop/emulator/dataconnect-emulator-windows-amd64-v3.2.1 
[debug] [2026-03-27T14:20:05.082Z] <<< [apiv2][status] POST https://www.googleapis.com/oauth2/v3/token 400
[debug] [2026-03-27T14:20:05.082Z] <<< [apiv2][body] POST https://www.googleapis.com/oauth2/v3/token [omitted]
[error] Authentication Error: Your credentials are no longer valid. Please run firebase login --reauth

For CI servers and headless environments, generate a new token with firebase login:ci
[error] Authentication Error: Your credentials are no longer valid. Please run firebase login --reauth

For CI servers and headless environments, generate a new token with firebase login:ci
[error] [Firebase Plugin] requireAuth error: Authentication Error: Your credentials are no longer valid. Please run firebase login --reauth

For CI servers and headless environments, generate a new token with firebase login:ci
[debug] [2026-03-27T14:20:05.326Z] <<< [apiv2][status] GET https://storage.googleapis.com/firemat-preview-drop/emulator/dataconnect-emulator-windows-amd64-v3.2.1 200
[debug] [2026-03-27T14:20:05.326Z] <<< [apiv2][body] GET https://storage.googleapis.com/firemat-preview-drop/emulator/dataconnect-emulator-windows-amd64-v3.2.1 [stream]
[debug] [2026-03-27T14:20:10.987Z] 'fdc build' failed with error: Unable to build your Data Connect schema and connectors (exit code 1): E0327 11:20:10.982912   10832 cmd.go:43] Error loading data connect config: source path is not a directory: `c:\Users\OptiPlex 7080\Desktop\BRAVOFORM\dataconnect\schema.gql`
 {"metadata":{"emulator":{"name":"dataconnect"},"message":"'fdc build' failed with error: Unable to build your Data Connect schema and connectors (exit code 1): E0327 11:20:10.982912   10832 cmd.go:43] Error loading data connect config: source path is not a directory: `c:\\Users\\OptiPlex 7080\\Desktop\\BRAVOFORM\\dataconnect\\schema.gql`\n"}}
[debug] [2026-03-27T14:20:10.987Z] Ignoring unsupported arg: auto_download {"metadata":{"emulator":{"name":"dataconnect"},"message":"Ignoring unsupported arg: auto_download"}}
[debug] [2026-03-27T14:20:10.987Z] Ignoring unsupported arg: port {"metadata":{"emulator":{"name":"dataconnect"},"message":"Ignoring unsupported arg: port"}}
[debug] [2026-03-27T14:20:10.988Z] Starting Data Connect Emulator with command {"binary":"C:\\Users\\OptiPlex 7080\\.cache\\firebase\\emulators\\dataconnect-emulator-3.2.1.exe","args":["--logtostderr","-v=2","dev","--listen=localhost:50001","--config_dir=c:\\Users\\OptiPlex 7080\\Desktop\\BRAVOFORM\\dataconnect","--enable_output_schema_extensions=true","--enable_output_generated_sdk=true"],"optionalArgs":["listen","config_dir","enable_output_schema_extensions","enable_output_generated_sdk"],"joinArgs":true,"shell":false,"port":9399} {"metadata":{"emulator":{"name":"dataconnect"},"message":"Starting Data Connect Emulator with command {\"binary\":\"C:\\\\Users\\\\OptiPlex 7080\\\\.cache\\\\firebase\\\\emulators\\\\dataconnect-emulator-3.2.1.exe\",\"args\":[\"--logtostderr\",\"-v=2\",\"dev\",\"--listen=localhost:50001\",\"--config_dir=c:\\\\Users\\\\OptiPlex 7080\\\\Desktop\\\\BRAVOFORM\\\\dataconnect\",\"--enable_output_schema_extensions=true\",\"--enable_output_generated_sdk=true\"],\"optionalArgs\":[\"listen\",\"config_dir\",\"enable_output_schema_extensions\",\"enable_output_generated_sdk\"],\"joinArgs\":true,\"shell\":false,\"port\":9399}"}}
[info] i  dataconnect: Data Connect Emulator logging to dataconnect-debug.log {"metadata":{"emulator":{"name":"dataconnect"},"message":"Data Connect Emulator logging to \u001b[1mdataconnect-debug.log\u001b[22m"}}
[debug] [2026-03-27T14:20:11.015Z] E0327 11:20:11.014809   14080 dev.go:83] Failed to load initial config from "c:\\Users\\OptiPlex 7080\\Desktop\\BRAVOFORM\\dataconnect": source path is not a directory: `c:\Users\OptiPlex 7080\Desktop\BRAVOFORM\dataconnect\schema.gql`
 {"metadata":{"emulator":{"name":"dataconnect"},"message":"E0327 11:20:11.014809   14080 dev.go:83] Failed to load initial config from \"c:\\\\Users\\\\OptiPlex 7080\\\\Desktop\\\\BRAVOFORM\\\\dataconnect\": source path is not a directory: `c:\\Users\\OptiPlex 7080\\Desktop\\BRAVOFORM\\dataconnect\\schema.gql`\n"}}
[debug] [2026-03-27T14:20:11.025Z] I0327 11:20:11.025367   14080 dev.go:104] Listening on address (HTTP + gRPC): 127.0.0.1:50001
 {"metadata":{"emulator":{"name":"dataconnect"},"message":"I0327 11:20:11.025367   14080 dev.go:104] Listening on address (HTTP + gRPC): 127.0.0.1:50001\n"}}
[error] [Firebase Plugin] error:  {"path":"c:\\Users\\OptiPlex 7080\\Desktop\\BRAVOFORM\\dataconnect\\dataconnect.yaml","error":"Expected 'connectorDirs' to be an array, but got undefined","range":[{"line":0,"character":0},{"line":0,"character":0}]}
[debug] [2026-03-27T14:20:21.017Z] E0327 11:20:21.016851   14080 watch.go:40] Failed to load config from "c:\\Users\\OptiPlex 7080\\Desktop\\BRAVOFORM\\dataconnect": source path is not a directory: `c:\Users\OptiPlex 7080\Desktop\BRAVOFORM\dataconnect\schema.gql`
 {"metadata":{"emulator":{"name":"dataconnect"},"message":"E0327 11:20:21.016851   14080 watch.go:40] Failed to load config from \"c:\\\\Users\\\\OptiPlex 7080\\\\Desktop\\\\BRAVOFORM\\\\dataconnect\": source path is not a directory: `c:\\Users\\OptiPlex 7080\\Desktop\\BRAVOFORM\\dataconnect\\schema.gql`\n"}}
[debug] [2026-03-27T14:20:31.016Z] E0327 11:20:31.016404   14080 watch.go:40] Failed to load config from "c:\\Users\\OptiPlex 7080\\Desktop\\BRAVOFORM\\dataconnect": source path is not a directory: `c:\Users\OptiPlex 7080\Desktop\BRAVOFORM\dataconnect\schema.gql`
 {"metadata":{"emulator":{"name":"dataconnect"},"message":"E0327 11:20:31.016404   14080 watch.go:40] Failed to load config from \"c:\\\\Users\\\\OptiPlex 7080\\\\Desktop\\\\BRAVOFORM\\\\dataconnect\": source path is not a directory: `c:\\Users\\OptiPlex 7080\\Desktop\\BRAVOFORM\\dataconnect\\schema.gql`\n"}}
[debug] [2026-03-27T14:20:41.016Z] E0327 11:20:41.016255   14080 watch.go:40] Failed to load config from "c:\\Users\\OptiPlex 7080\\Desktop\\BRAVOFORM\\dataconnect": source path is not a directory: `c:\Users\OptiPlex 7080\Desktop\BRAVOFORM\dataconnect\schema.gql`
 {"metadata":{"emulator":{"name":"dataconnect"},"message":"E0327 11:20:41.016255   14080 watch.go:40] Failed to load config from \"c:\\\\Users\\\\OptiPlex 7080\\\\Desktop\\\\BRAVOFORM\\\\dataconnect\": source path is not a directory: `c:\\Users\\OptiPlex 7080\\Desktop\\BRAVOFORM\\dataconnect\\schema.gql`\n"}}
[debug] [2026-03-27T14:20:51.016Z] E0327 11:20:51.016155   14080 watch.go:40] Failed to load config from "c:\\Users\\OptiPlex 7080\\Desktop\\BRAVOFORM\\dataconnect": source path is not a directory: `c:\Users\OptiPlex 7080\Desktop\BRAVOFORM\dataconnect\schema.gql`
 {"metadata":{"emulator":{"name":"dataconnect"},"message":"E0327 11:20:51.016155   14080 watch.go:40] Failed to load config from \"c:\\\\Users\\\\OptiPlex 7080\\\\Desktop\\\\BRAVOFORM\\\\dataconnect\": source path is not a directory: `c:\\Users\\OptiPlex 7080\\Desktop\\BRAVOFORM\\dataconnect\\schema.gql`\n"}}
[debug] [2026-03-27T14:21:01.016Z] E0327 11:21:01.016443   14080 watch.go:40] Failed to load config from "c:\\Users\\OptiPlex 7080\\Desktop\\BRAVOFORM\\dataconnect": source path is not a directory: `c:\Users\OptiPlex 7080\Desktop\BRAVOFORM\dataconnect\schema.gql`
 {"metadata":{"emulator":{"name":"dataconnect"},"message":"E0327 11:21:01.016443   14080 watch.go:40] Failed to load config from \"c:\\\\Users\\\\OptiPlex 7080\\\\Desktop\\\\BRAVOFORM\\\\dataconnect\": source path is not a directory: `c:\\Users\\OptiPlex 7080\\Desktop\\BRAVOFORM\\dataconnect\\schema.gql`\n"}}
[debug] [2026-03-27T14:21:11.016Z] E0327 11:21:11.016207   14080 watch.go:40] Failed to load config from "c:\\Users\\OptiPlex 7080\\Desktop\\BRAVOFORM\\dataconnect": source path is not a directory: `c:\Users\OptiPlex 7080\Desktop\BRAVOFORM\dataconnect\schema.gql`
 {"metadata":{"emulator":{"name":"dataconnect"},"message":"E0327 11:21:11.016207   14080 watch.go:40] Failed to load config from \"c:\\\\Users\\\\OptiPlex 7080\\\\Desktop\\\\BRAVOFORM\\\\dataconnect\": source path is not a directory: `c:\\Users\\OptiPlex 7080\\Desktop\\BRAVOFORM\\dataconnect\\schema.gql`\n"}}
[debug] [2026-03-27T14:21:21.016Z] E0327 11:21:21.016634   14080 watch.go:40] Failed to load config from "c:\\Users\\OptiPlex 7080\\Desktop\\BRAVOFORM\\dataconnect": source path is not a directory: `c:\Users\OptiPlex 7080\Desktop\BRAVOFORM\dataconnect\schema.gql`
 {"metadata":{"emulator":{"name":"dataconnect"},"message":"E0327 11:21:21.016634   14080 watch.go:40] Failed to load config from \"c:\\\\Users\\\\OptiPlex 7080\\\\Desktop\\\\BRAVOFORM\\\\dataconnect\": source path is not a directory: `c:\\Users\\OptiPlex 7080\\Desktop\\BRAVOFORM\\dataconnect\\schema.gql`\n"}}
[debug] [2026-03-27T14:21:31.016Z] E0327 11:21:31.016896   14080 watch.go:40] Failed to load config from "c:\\Users\\OptiPlex 7080\\Desktop\\BRAVOFORM\\dataconnect": source path is not a directory: `c:\Users\OptiPlex 7080\Desktop\BRAVOFORM\dataconnect\schema.gql`
 {"metadata":{"emulator":{"name":"dataconnect"},"message":"E0327 11:21:31.016896   14080 watch.go:40] Failed to load config from \"c:\\\\Users\\\\OptiPlex 7080\\\\Desktop\\\\BRAVOFORM\\\\dataconnect\": source path is not a directory: `c:\\Users\\OptiPlex 7080\\Desktop\\BRAVOFORM\\dataconnect\\schema.gql`\n"}}
[debug] [2026-03-27T14:21:41.016Z] E0327 11:21:41.016213   14080 watch.go:40] Failed to load config from "c:\\Users\\OptiPlex 7080\\Desktop\\BRAVOFORM\\dataconnect": source path is not a directory: `c:\Users\OptiPlex 7080\Desktop\BRAVOFORM\dataconnect\schema.gql`
 {"metadata":{"emulator":{"name":"dataconnect"},"message":"E0327 11:21:41.016213   14080 watch.go:40] Failed to load config from \"c:\\\\Users\\\\OptiPlex 7080\\\\Desktop\\\\BRAVOFORM\\\\dataconnect\": source path is not a directory: `c:\\Users\\OptiPlex 7080\\Desktop\\BRAVOFORM\\dataconnect\\schema.gql`\n"}}
[debug] [2026-03-27T14:21:51.016Z] E0327 11:21:51.016144   14080 watch.go:40] Failed to load config from "c:\\Users\\OptiPlex 7080\\Desktop\\BRAVOFORM\\dataconnect": source path is not a directory: `c:\Users\OptiPlex 7080\Desktop\BRAVOFORM\dataconnect\schema.gql`
 {"metadata":{"emulator":{"name":"dataconnect"},"message":"E0327 11:21:51.016144   14080 watch.go:40] Failed to load config from \"c:\\\\Users\\\\OptiPlex 7080\\\\Desktop\\\\BRAVOFORM\\\\dataconnect\": source path is not a directory: `c:\\Users\\OptiPlex 7080\\Desktop\\BRAVOFORM\\dataconnect\\schema.gql`\n"}}
[debug] [2026-03-27T14:22:01.016Z] E0327 11:22:01.016070   14080 watch.go:40] Failed to load config from "c:\\Users\\OptiPlex 7080\\Desktop\\BRAVOFORM\\dataconnect": source path is not a directory: `c:\Users\OptiPlex 7080\Desktop\BRAVOFORM\dataconnect\schema.gql`
 {"metadata":{"emulator":{"name":"dataconnect"},"message":"E0327 11:22:01.016070   14080 watch.go:40] Failed to load config from \"c:\\\\Users\\\\OptiPlex 7080\\\\Desktop\\\\BRAVOFORM\\\\dataconnect\": source path is not a directory: `c:\\Users\\OptiPlex 7080\\Desktop\\BRAVOFORM\\dataconnect\\schema.gql`\n"}}
[info] [Firebase Plugin] Stopping Data Connect toolkit
